<?xml version="1.0" encoding="UTF-8"?>
<!-- Generated by org.testng.reporters.JUnitReportReporter -->
<testsuite skipped="0" hostname="gv-B450M-DS3H" name="com.restapi.automation.ErgastAPITests" tests="4" failures="0" timestamp="13 Aug 2019 04:02:19 GMT" time="0.019" errors="0">
  <testcase name="testDP" time="0.003" classname="com.restapi.automation.ErgastAPITests"/>
  <testcase name="testDP" time="0.014" classname="com.restapi.automation.ErgastAPITests"/>
  <testcase name="testDP" time="0.001" classname="com.restapi.automation.ErgastAPITests"/>
  <testcase name="testDP" time="0.001" classname="com.restapi.automation.ErgastAPITests"/>
</testsuite> <!-- com.restapi.automation.ErgastAPITests -->
