<?xml version="1.0" encoding="UTF-8"?>
<!-- Generated by org.testng.reporters.JUnitReportReporter -->
<testsuite skipped="0" hostname="gv-B450M-DS3H" name="com.ui.automation.ChangeLocalizationOnAmazon" tests="1" failures="0" timestamp="12 Nov 2019 13:34:51 GMT" time="6.906" errors="0">
  <testcase name="checkLocalizationOptions" time="6.906" classname="com.ui.automation.ChangeLocalizationOnAmazon"/>
</testsuite> <!-- com.ui.automation.ChangeLocalizationOnAmazon -->
