<?xml version="1.0" encoding="UTF-8"?>
<!-- Generated by org.testng.reporters.JUnitReportReporter -->
<testsuite skipped="0" hostname="gv-B450M-DS3H" name="com.ui.automation.HorizontalSliderTest" tests="1" failures="0" timestamp="15 Aug 2019 16:15:03 GMT" time="11.031" errors="0">
  <testcase name="sliderRangeTest" time="11.031" classname="com.ui.automation.HorizontalSliderTest"/>
</testsuite> <!-- com.ui.automation.HorizontalSliderTest -->
