<?xml version="1.0" encoding="UTF-8"?>
<!-- Generated by org.testng.reporters.JUnitReportReporter -->
<testsuite skipped="0" hostname="gv-B450M-DS3H" name="com.restapi.automation.ErgastAPIDriverQualifyingResultTests" tests="2" failures="0" timestamp="24 Oct 2019 06:29:41 GMT" time="13.079" errors="0">
  <testcase name="testDriversQualifyingResultCount" time="1.957" classname="com.restapi.automation.ErgastAPIDriverQualifyingResultTests"/>
  <testcase name="testDriverNumber" time="11.122" classname="com.restapi.automation.ErgastAPIDriverQualifyingResultTests"/>
</testsuite> <!-- com.restapi.automation.ErgastAPIDriverQualifyingResultTests -->
