<?xml version="1.0" encoding="UTF-8"?>
<!-- Generated by org.testng.reporters.JUnitReportReporter -->
<testsuite skipped="0" hostname="gv-B450M-DS3H" name="com.restapi.automation.ErgastAPIDriverTests" tests="8" failures="0" timestamp="20 Dec 2019 00:41:03 GMT" time="3.492" errors="0">
  <testcase name="testDP" time="0.013" classname="com.restapi.automation.ErgastAPIDriverTests"/>
  <testcase name="testDP" time="0.001" classname="com.restapi.automation.ErgastAPIDriverTests"/>
  <testcase name="testDP" time="0.002" classname="com.restapi.automation.ErgastAPIDriverTests"/>
  <testcase name="paramsTest" time="0.004" classname="com.restapi.automation.ErgastAPIDriverTests"/>
  <testcase name="testDP" time="0.001" classname="com.restapi.automation.ErgastAPIDriverTests"/>
  <testcase name="testDrivers" time="2.476" classname="com.restapi.automation.ErgastAPIDriverTests"/>
  <testcase name="testDriverNationality" time="0.500" classname="com.restapi.automation.ErgastAPIDriverTests"/>
  <testcase name="testDriverArrayHasNationality" time="0.495" classname="com.restapi.automation.ErgastAPIDriverTests"/>
</testsuite> <!-- com.restapi.automation.ErgastAPIDriverTests -->
