<?xml version="1.0" encoding="UTF-8"?>
<!-- Generated by org.testng.reporters.JUnitReportReporter -->
<testsuite skipped="0" hostname="gv-B450M-DS3H" name="com.restapi.automation.ErgastAPIDriverTests" tests="1" failures="0" timestamp="14 Aug 2019 10:41:30 GMT" time="3.787" errors="0">
  <testcase name="testDriverNameInRace" time="3.787" classname="com.restapi.automation.ErgastAPIDriverTests"/>
</testsuite> <!-- com.restapi.automation.ErgastAPIDriverTests -->
