<?xml version="1.0" encoding="UTF-8"?>
<!-- Generated by org.testng.reporters.JUnitReportReporter -->
<testsuite skipped="0" hostname="gv-B450M-DS3H" name="com.ui.automation.LogInTest" tests="3" failures="0" timestamp="12 Nov 2019 08:26:10 GMT" time="33.935" errors="0">
  <testcase name="negativeLogInTest" time="11.480" classname="com.ui.automation.LogInTest"/>
  <testcase name="negativeLogInTest" time="9.673" classname="com.ui.automation.LogInTest"/>
  <testcase name="logInTest" time="12.782" classname="com.ui.automation.LogInTest"/>
</testsuite> <!-- com.ui.automation.LogInTest -->
