<?xml version="1.0" encoding="UTF-8"?>
<!-- Generated by org.testng.reporters.JUnitReportReporter -->
<testsuite skipped="0" hostname="gv-B450M-DS3H" name="com.restapi.automation.ErgastAPIRacesTests" tests="1" failures="0" timestamp="14 Aug 2019 11:47:51 GMT" time="5.378" errors="0">
  <testcase name="testDriverNameInRace" time="5.378" classname="com.restapi.automation.ErgastAPIRacesTests"/>
</testsuite> <!-- com.restapi.automation.ErgastAPIRacesTests -->
