<?xml version="1.0" encoding="UTF-8"?>
<!-- Generated by org.testng.reporters.JUnitReportReporter -->
<testsuite skipped="0" hostname="gv-B450M-DS3H" name="com.ui.automation.LogInTest" tests="2" failures="0" timestamp="29 Aug 2019 08:50:41 GMT" time="36.629" errors="0">
  <testcase name="negativeLogInTest" time="23.013" classname="com.ui.automation.LogInTest"/>
  <testcase name="negativeLogInTest" time="13.616" classname="com.ui.automation.LogInTest"/>
</testsuite> <!-- com.ui.automation.LogInTest -->
